Flow report for Bit-Serial_Logic_Processor
Thu Feb 12 10:49:39 2015
Quartus II 64-Bit Version 14.1.0 Build 186 12/03/2014 SJ Web Edition


---------------------
; Table of Contents ;
---------------------
  1. Legal Notice
  2. Flow Summary
  3. Flow Settings
  4. Flow Non-Default Global Settings
  5. Flow Elapsed Time
  6. Flow OS Summary
  7. Flow Log
  8. Flow Messages
  9. Flow Suppressed Messages



----------------
; Legal Notice ;
----------------
Copyright (C) 1991-2014 Altera Corporation. All rights reserved.
Your use of Altera Corporation's design tools, logic functions 
and other software and tools, and its AMPP partner logic 
functions, and any output files from any of the foregoing 
(including device programming or simulation files), and any 
associated documentation or information are expressly subject 
to the terms and conditions of the Altera Program License 
Subscription Agreement, the Altera Quartus II License Agreement,
the Altera MegaCore Function License Agreement, or other 
applicable license agreement, including, without limitation, 
that your use is for the sole purpose of programming logic 
devices manufactured by Altera and sold by Altera or its 
authorized distributors.  Please refer to the applicable 
agreement for further details.



+---------------------------------------------------------------------------------+
; Flow Summary                                                                    ;
+------------------------------------+--------------------------------------------+
; Flow Status                        ; Successful - Thu Feb 12 10:49:39 2015      ;
; Quartus II 64-Bit Version          ; 14.1.0 Build 186 12/03/2014 SJ Web Edition ;
; Revision Name                      ; Bit-Serial_Logic_Processor                 ;
; Top-level Entity Name              ; cra_datapath                               ;
; Family                             ; Cyclone IV E                               ;
; Device                             ; EP4CE115F29C7                              ;
; Timing Models                      ; Final                                      ;
; Total logic elements               ; 149 / 114,480 ( < 1 % )                    ;
;     Total combinational functions  ; 149 / 114,480 ( < 1 % )                    ;
;     Dedicated logic registers      ; 0 / 114,480 ( 0 % )                        ;
; Total registers                    ; 0                                          ;
; Total pins                         ; 109 / 529 ( 21 % )                         ;
; Total virtual pins                 ; 0                                          ;
; Total memory bits                  ; 0 / 3,981,312 ( 0 % )                      ;
; Embedded Multiplier 9-bit elements ; 0 / 532 ( 0 % )                            ;
; Total PLLs                         ; 0 / 4 ( 0 % )                              ;
+------------------------------------+--------------------------------------------+


+------------------------------------------------+
; Flow Settings                                  ;
+-------------------+----------------------------+
; Option            ; Setting                    ;
+-------------------+----------------------------+
; Start date & time ; 02/12/2015 10:48:16        ;
; Main task         ; Compilation                ;
; Revision Name     ; Bit-Serial_Logic_Processor ;
+-------------------+----------------------------+


+-------------------------------------------------------------------------------------------------------------------------------------------+
; Flow Non-Default Global Settings                                                                                                          ;
+--------------------------------------+---------------------------------------+----------------------------+--------------+----------------+
; Assignment Name                      ; Value                                 ; Default Value              ; Entity Name  ; Section Id     ;
+--------------------------------------+---------------------------------------+----------------------------+--------------+----------------+
; COMPILER_SIGNATURE_ID                ; 24062491136.142375969608856           ; --                         ; --           ; --             ;
; EDA_DESIGN_INSTANCE_NAME             ; NA                                    ; --                         ; --           ; testbench      ;
; EDA_DESIGN_INSTANCE_NAME             ; NA                                    ; --                         ; --           ; testbench_cra  ;
; EDA_NATIVELINK_SIMULATION_TEST_BENCH ; testbench_cra                         ; --                         ; --           ; eda_simulation ;
; EDA_OUTPUT_DATA_FORMAT               ; Systemverilog Hdl                     ; --                         ; --           ; eda_simulation ;
; EDA_SIMULATION_TOOL                  ; ModelSim-Altera (SystemVerilog)       ; <None>                     ; --           ; --             ;
; EDA_TEST_BENCH_ENABLE_STATUS         ; TEST_BENCH_MODE                       ; --                         ; --           ; eda_simulation ;
; EDA_TEST_BENCH_FILE                  ; testbench.sv                          ; --                         ; --           ; testbench      ;
; EDA_TEST_BENCH_FILE                  ; testbench.sv                          ; --                         ; --           ; testbench_cra  ;
; EDA_TEST_BENCH_MODULE_NAME           ; testbench                             ; --                         ; --           ; testbench      ;
; EDA_TEST_BENCH_MODULE_NAME           ; testbench_cra                         ; --                         ; --           ; testbench_cra  ;
; EDA_TEST_BENCH_NAME                  ; testbench                             ; --                         ; --           ; eda_simulation ;
; EDA_TEST_BENCH_NAME                  ; testbench_cra                         ; --                         ; --           ; eda_simulation ;
; EDA_TEST_BENCH_RUN_SIM_FOR           ; 1000 ns                               ; --                         ; --           ; testbench      ;
; EDA_TEST_BENCH_RUN_SIM_FOR           ; 1000 ns                               ; --                         ; --           ; testbench_cra  ;
; EDA_TIME_SCALE                       ; 1 ps                                  ; --                         ; --           ; eda_simulation ;
; MAX_CORE_JUNCTION_TEMP               ; 85                                    ; --                         ; --           ; --             ;
; MIN_CORE_JUNCTION_TEMP               ; 0                                     ; --                         ; --           ; --             ;
; OUTPUT_IO_TIMING_FAR_END_VMEAS       ; Half Signal Swing                     ; --                         ; --           ; --             ;
; OUTPUT_IO_TIMING_FAR_END_VMEAS       ; Half Signal Swing                     ; --                         ; --           ; --             ;
; OUTPUT_IO_TIMING_NEAR_END_VMEAS      ; Half Vccio                            ; --                         ; --           ; --             ;
; OUTPUT_IO_TIMING_NEAR_END_VMEAS      ; Half Vccio                            ; --                         ; --           ; --             ;
; PARTITION_COLOR                      ; 16764057                              ; --                         ; cra_datapath ; Top            ;
; PARTITION_FITTER_PRESERVATION_LEVEL  ; PLACEMENT_AND_ROUTING                 ; --                         ; cra_datapath ; Top            ;
; PARTITION_NETLIST_TYPE               ; SOURCE                                ; --                         ; cra_datapath ; Top            ;
; POWER_BOARD_THERMAL_MODEL            ; None (CONSERVATIVE)                   ; --                         ; --           ; --             ;
; POWER_PRESET_COOLING_SOLUTION        ; 23 MM HEAT SINK WITH 200 LFPM AIRFLOW ; --                         ; --           ; --             ;
; PROJECT_OUTPUT_DIRECTORY             ; output_files                          ; --                         ; --           ; --             ;
; TOP_LEVEL_ENTITY                     ; cra_datapath                          ; Bit-Serial_Logic_Processor ; --           ; --             ;
+--------------------------------------+---------------------------------------+----------------------------+--------------+----------------+


+-------------------------------------------------------------------------------------------------------------------------------+
; Flow Elapsed Time                                                                                                             ;
+---------------------------+--------------+-------------------------+---------------------+------------------------------------+
; Module Name               ; Elapsed Time ; Average Processors Used ; Peak Virtual Memory ; Total CPU Time (on all processors) ;
+---------------------------+--------------+-------------------------+---------------------+------------------------------------+
; Analysis & Synthesis      ; 00:00:20     ; 1.0                     ; 637 MB              ; 00:00:46                           ;
; Fitter                    ; 00:00:34     ; 1.6                     ; 1509 MB             ; 00:00:45                           ;
; Assembler                 ; 00:00:08     ; 1.0                     ; 560 MB              ; 00:00:07                           ;
; TimeQuest Timing Analyzer ; 00:00:07     ; 1.0                     ; 720 MB              ; 00:00:07                           ;
; EDA Netlist Writer        ; 00:00:03     ; 1.0                     ; 530 MB              ; 00:00:02                           ;
; Total                     ; 00:01:12     ; --                      ; --                  ; 00:01:47                           ;
+---------------------------+--------------+-------------------------+---------------------+------------------------------------+


+----------------------------------------------------------------------------------------+
; Flow OS Summary                                                                        ;
+---------------------------+------------------+-----------+------------+----------------+
; Module Name               ; Machine Hostname ; OS Name   ; OS Version ; Processor type ;
+---------------------------+------------------+-----------+------------+----------------+
; Analysis & Synthesis      ; Andrew-Laptop    ; Windows 7 ; 6.1        ; x86_64         ;
; Fitter                    ; Andrew-Laptop    ; Windows 7 ; 6.1        ; x86_64         ;
; Assembler                 ; Andrew-Laptop    ; Windows 7 ; 6.1        ; x86_64         ;
; TimeQuest Timing Analyzer ; Andrew-Laptop    ; Windows 7 ; 6.1        ; x86_64         ;
; EDA Netlist Writer        ; Andrew-Laptop    ; Windows 7 ; 6.1        ; x86_64         ;
+---------------------------+------------------+-----------+------------+----------------+


------------
; Flow Log ;
------------
quartus_map --read_settings_files=on --write_settings_files=off CRA -c Bit-Serial_Logic_Processor
quartus_fit --read_settings_files=off --write_settings_files=off CRA -c Bit-Serial_Logic_Processor
quartus_asm --read_settings_files=off --write_settings_files=off CRA -c Bit-Serial_Logic_Processor
quartus_sta CRA -c Bit-Serial_Logic_Processor
quartus_eda --read_settings_files=off --write_settings_files=off CRA -c Bit-Serial_Logic_Processor



